<?xml version="1.0" encoding="UTF-8"?>
<!-- Generated by org.testng.reporters.JUnitReportReporter -->
<testsuite hostname="ITEM-90272" failures="0" tests="2" name="Projectmaven.mavenstarting.start" time="0.005" errors="0" timestamp="2020-06-21T09:55:59 IST" skipped="0">
  <testcase classname="Projectmaven.mavenstarting.start" name="firstTest" time="0.003"/>
  <system-out/>
  <testcase classname="Projectmaven.mavenstarting.start" name="secondTest" time="0.002"/>
  <system-out/>
</testsuite> <!-- Projectmaven.mavenstarting.start -->
