<?xml version="1.0" encoding="UTF-8"?>
<!-- Generated by org.testng.reporters.JUnitReportReporter -->
<testsuite hostname="ITEM-90272" failures="0" tests="1" name="Projectmaven.mavenstarting.second" time="0.002" errors="0" timestamp="2020-06-21T09:55:59 IST" skipped="0">
  <testcase classname="Projectmaven.mavenstarting.second" name="ploan" time="0.002"/>
  <system-out/>
</testsuite> <!-- Projectmaven.mavenstarting.second -->
