<?xml version="1.0" encoding="UTF-8"?>
<!-- Generated by org.testng.reporters.JUnitReportReporter -->
<testsuite hostname="ITEM-90272" failures="0" tests="1" name="TestCases.LoginapplicationTC" time="8.719" errors="0" timestamp="2020-07-10T11:14:03 IST" skipped="0">
  <testcase classname="TestCases.LoginapplicationTC" name="login" time="8.719"/>
  <system-out/>
</testsuite> <!-- TestCases.LoginapplicationTC -->
