<?xml version="1.0" encoding="UTF-8"?>
<!-- Generated by org.testng.reporters.JUnitReportReporter -->
<testsuite hostname="ITEM-90272" failures="0" tests="3" name="TestCases.Testnj" time="0.020" errors="0" timestamp="2020-08-28T08:46:38 IST" skipped="0">
  <testcase classname="TestCases.Testnj" name="Second" time="0.015"/>
  <system-out>
Hello how are you   </system-out>
  <testcase classname="TestCases.Testnj" name="SignIn" time="0.003"/>
  <system-out/>
  <testcase classname="TestCases.Testnj" name="First" time="0.002"/>
  <system-out/>
</testsuite> <!-- TestCases.Testnj -->
