<?xml version="1.0" encoding="UTF-8"?>
<!-- Generated by org.testng.reporters.JUnitReportReporter -->
<testsuite hostname="ITEM-90272" failures="0" tests="2" name="Projectmaven.mavenstarting.first" time="0.012" errors="0" timestamp="2020-06-21T09:55:59 IST" skipped="0">
  <testcase classname="Projectmaven.mavenstarting.first" name="demo" time="0.006"/>
  <system-out/>
  <testcase classname="Projectmaven.mavenstarting.first" name="SecondTest" time="0.006"/>
  <system-out/>
</testsuite> <!-- Projectmaven.mavenstarting.first -->
